Build started 5/14/2015 9:08:59 AM.
     1>Project "C:\Users\Andy\Desktop\Programs\C ++\Projects\N-body Sim\NBodySim V1.3\NBodySim V1.3.vcxproj" on node 2 (Build target(s)).
     1>ClCompile:
         C:\Program Files (x86)\Microsoft Visual Studio 11.0\VC\bin\CL.exe /c /ZI /nologo /W3 /WX- /Od /Oy- /D _MBCS /Gm /EHsc /RTC1 /MDd /GS /fp:precise /Zc:wchar_t /Zc:forScope /Fo"Debug\\" /Fd"Debug\vc110.pdb" /Gd /TP /analyze- /errorReport:prompt Source.cpp
         Source.cpp
     1>c:\users\andy\desktop\programs\c ++\projects\n-body sim\nbodysim v1.3\source.cpp(211): warning C4244: 'argument' : conversion from 'const int' to 'float', possible loss of data
     1>c:\users\andy\desktop\programs\c ++\projects\n-body sim\nbodysim v1.3\source.cpp(212): warning C4244: 'argument' : conversion from 'int' to 'float', possible loss of data
     1>c:\users\andy\desktop\programs\c ++\projects\n-body sim\nbodysim v1.3\source.cpp(213): warning C4244: 'argument' : conversion from 'int' to 'float', possible loss of data
     1>c:\users\andy\desktop\programs\c ++\projects\n-body sim\nbodysim v1.3\source.cpp(214): warning C4244: 'argument' : conversion from 'const int' to 'float', possible loss of data
     1>c:\users\andy\desktop\programs\c ++\projects\n-body sim\nbodysim v1.3\source.cpp(215): warning C4244: 'argument' : conversion from 'const int' to 'float', possible loss of data
     1>c:\users\andy\desktop\programs\c ++\projects\n-body sim\nbodysim v1.3\source.cpp(261): warning C4244: 'initializing' : conversion from 'double' to 'float', possible loss of data
     1>c:\users\andy\desktop\programs\c ++\projects\n-body sim\nbodysim v1.3\source.cpp(262): warning C4244: 'initializing' : conversion from 'double' to 'float', possible loss of data
     1>c:\users\andy\desktop\programs\c ++\projects\n-body sim\nbodysim v1.3\source.cpp(324): warning C4244: '=' : conversion from 'double' to 'float', possible loss of data
     1>c:\users\andy\desktop\programs\c ++\projects\n-body sim\nbodysim v1.3\source.cpp(342): warning C4244: 'initializing' : conversion from 'double' to 'float', possible loss of data
     1>c:\users\andy\desktop\programs\c ++\projects\n-body sim\nbodysim v1.3\source.cpp(343): warning C4244: 'initializing' : conversion from 'double' to 'float', possible loss of data
     1>c:\users\andy\desktop\programs\c ++\projects\n-body sim\nbodysim v1.3\source.cpp(391): warning C4244: 'argument' : conversion from 'time_t' to 'unsigned int', possible loss of data
       Link:
         C:\Program Files (x86)\Microsoft Visual Studio 11.0\VC\bin\link.exe /ERRORREPORT:PROMPT /OUT:"C:\Users\Andy\Desktop\Programs\C ++\Projects\N-body Sim\NBodySim V1.3\Debug\NBodySim V1.3.exe" /INCREMENTAL /NOLOGO kernel32.lib user32.lib gdi32.lib winspool.lib comdlg32.lib advapi32.lib shell32.lib ole32.lib oleaut32.lib uuid.lib odbc32.lib odbccp32.lib /MANIFEST /MANIFESTUAC:"level='asInvoker' uiAccess='false'" /manifest:embed /DEBUG /PDB:"C:\Users\Andy\Desktop\Programs\C ++\Projects\N-body Sim\NBodySim V1.3\Debug\NBodySim V1.3.pdb" /TLBID:1 /DYNAMICBASE /NXCOMPAT /IMPLIB:"C:\Users\Andy\Desktop\Programs\C ++\Projects\N-body Sim\NBodySim V1.3\Debug\NBodySim V1.3.lib" /MACHINE:X86 Debug\Source.obj
         NBodySim V1.3.vcxproj -> C:\Users\Andy\Desktop\Programs\C ++\Projects\N-body Sim\NBodySim V1.3\Debug\NBodySim V1.3.exe
     1>Done Building Project "C:\Users\Andy\Desktop\Programs\C ++\Projects\N-body Sim\NBodySim V1.3\NBodySim V1.3.vcxproj" (Build target(s)).

Build succeeded.

Time Elapsed 00:00:00.82
