Build started 5/30/2015 11:23:04 PM.
     1>Project "C:\Users\Andy\Desktop\Programs\C ++\Projects\N-body Sim\NBodySim v1.5\Nbody v1.5\nbody v1.5.vcxproj" on node 2 (Build target(s)).
     1>ClCompile:
         C:\Program Files (x86)\Microsoft Visual Studio 11.0\VC\bin\CL.exe /c /ZI /nologo /W3 /WX- /Od /Oy- /D _MBCS /Gm /EHsc /RTC1 /MDd /GS /fp:precise /Zc:wchar_t /Zc:forScope /Fo"Debug\\" /Fd"Debug\vc110.pdb" /Gd /TP /analyze- /errorReport:prompt Source.cpp
         Source.cpp
     1>c:\users\andy\desktop\programs\c ++\projects\n-body sim\nbodysim v1.5\nbody v1.5\source.cpp(241): warning C4244: 'argument' : conversion from 'const int' to 'float', possible loss of data
     1>c:\users\andy\desktop\programs\c ++\projects\n-body sim\nbodysim v1.5\nbody v1.5\source.cpp(242): warning C4244: 'argument' : conversion from 'int' to 'float', possible loss of data
     1>c:\users\andy\desktop\programs\c ++\projects\n-body sim\nbodysim v1.5\nbody v1.5\source.cpp(243): warning C4244: 'argument' : conversion from 'int' to 'float', possible loss of data
     1>c:\users\andy\desktop\programs\c ++\projects\n-body sim\nbodysim v1.5\nbody v1.5\source.cpp(244): warning C4244: 'argument' : conversion from 'int' to 'float', possible loss of data
     1>c:\users\andy\desktop\programs\c ++\projects\n-body sim\nbodysim v1.5\nbody v1.5\source.cpp(245): warning C4244: 'argument' : conversion from 'const int' to 'float', possible loss of data
     1>c:\users\andy\desktop\programs\c ++\projects\n-body sim\nbodysim v1.5\nbody v1.5\source.cpp(246): warning C4244: 'argument' : conversion from 'const int' to 'float', possible loss of data
     1>c:\users\andy\desktop\programs\c ++\projects\n-body sim\nbodysim v1.5\nbody v1.5\source.cpp(247): warning C4244: 'argument' : conversion from 'const int' to 'float', possible loss of data
     1>c:\users\andy\desktop\programs\c ++\projects\n-body sim\nbodysim v1.5\nbody v1.5\source.cpp(296): warning C4244: 'initializing' : conversion from 'double' to 'float', possible loss of data
     1>c:\users\andy\desktop\programs\c ++\projects\n-body sim\nbodysim v1.5\nbody v1.5\source.cpp(297): warning C4244: 'initializing' : conversion from 'double' to 'float', possible loss of data
     1>c:\users\andy\desktop\programs\c ++\projects\n-body sim\nbodysim v1.5\nbody v1.5\source.cpp(298): warning C4244: 'initializing' : conversion from 'double' to 'float', possible loss of data
     1>c:\users\andy\desktop\programs\c ++\projects\n-body sim\nbodysim v1.5\nbody v1.5\source.cpp(365): warning C4244: '=' : conversion from 'double' to 'float', possible loss of data
     1>c:\users\andy\desktop\programs\c ++\projects\n-body sim\nbodysim v1.5\nbody v1.5\source.cpp(412): warning C4244: 'argument' : conversion from 'time_t' to 'unsigned int', possible loss of data
       Link:
         C:\Program Files (x86)\Microsoft Visual Studio 11.0\VC\bin\link.exe /ERRORREPORT:PROMPT /OUT:"C:\Users\Andy\Desktop\Programs\C ++\Projects\N-body Sim\NBodySim v1.5\nbody v1.5\Debug\nbody v1.5.exe" /INCREMENTAL /NOLOGO kernel32.lib user32.lib gdi32.lib winspool.lib comdlg32.lib advapi32.lib shell32.lib ole32.lib oleaut32.lib uuid.lib odbc32.lib odbccp32.lib /MANIFEST /MANIFESTUAC:"level='asInvoker' uiAccess='false'" /manifest:embed /DEBUG /PDB:"C:\Users\Andy\Desktop\Programs\C ++\Projects\N-body Sim\NBodySim v1.5\nbody v1.5\Debug\nbody v1.5.pdb" /TLBID:1 /DYNAMICBASE /NXCOMPAT /IMPLIB:"C:\Users\Andy\Desktop\Programs\C ++\Projects\N-body Sim\NBodySim v1.5\nbody v1.5\Debug\nbody v1.5.lib" /MACHINE:X86 Debug\Source.obj
         nbody v1.5.vcxproj -> C:\Users\Andy\Desktop\Programs\C ++\Projects\N-body Sim\NBodySim v1.5\nbody v1.5\Debug\nbody v1.5.exe
     1>Done Building Project "C:\Users\Andy\Desktop\Programs\C ++\Projects\N-body Sim\NBodySim v1.5\Nbody v1.5\nbody v1.5.vcxproj" (Build target(s)).

Build succeeded.

Time Elapsed 00:00:01.38
