Build started 5/13/2015 9:32:23 PM.
     1>Project "C:\Users\Andy\Desktop\Programs\C ++\Projects\N-body Sim\NBody Sim v1.1 -- Don't Touch\NBodySim V2.vcxproj" on node 2 (Build target(s)).
     1>ClCompile:
         C:\Program Files (x86)\Microsoft Visual Studio 11.0\VC\bin\CL.exe /c /ZI /nologo /W3 /WX- /Od /Oy- /D _MBCS /Gm /EHsc /RTC1 /MDd /GS /fp:precise /Zc:wchar_t /Zc:forScope /Fo"Debug\\" /Fd"Debug\vc110.pdb" /Gd /TP /analyze- /errorReport:prompt Source.cpp
         Source.cpp
     1>c:\users\andy\desktop\programs\c ++\projects\n-body sim\nbody sim v1.1 -- don't touch\source.cpp(206): warning C4244: 'argument' : conversion from 'const int' to 'float', possible loss of data
     1>c:\users\andy\desktop\programs\c ++\projects\n-body sim\nbody sim v1.1 -- don't touch\source.cpp(207): warning C4244: 'argument' : conversion from 'int' to 'float', possible loss of data
     1>c:\users\andy\desktop\programs\c ++\projects\n-body sim\nbody sim v1.1 -- don't touch\source.cpp(208): warning C4244: 'argument' : conversion from 'int' to 'float', possible loss of data
     1>c:\users\andy\desktop\programs\c ++\projects\n-body sim\nbody sim v1.1 -- don't touch\source.cpp(209): warning C4244: 'argument' : conversion from 'const int' to 'float', possible loss of data
     1>c:\users\andy\desktop\programs\c ++\projects\n-body sim\nbody sim v1.1 -- don't touch\source.cpp(210): warning C4244: 'argument' : conversion from 'const int' to 'float', possible loss of data
     1>c:\users\andy\desktop\programs\c ++\projects\n-body sim\nbody sim v1.1 -- don't touch\source.cpp(255): warning C4244: 'initializing' : conversion from 'double' to 'float', possible loss of data
     1>c:\users\andy\desktop\programs\c ++\projects\n-body sim\nbody sim v1.1 -- don't touch\source.cpp(256): warning C4244: 'initializing' : conversion from 'double' to 'float', possible loss of data
     1>c:\users\andy\desktop\programs\c ++\projects\n-body sim\nbody sim v1.1 -- don't touch\source.cpp(312): warning C4244: '=' : conversion from 'double' to 'float', possible loss of data
     1>c:\users\andy\desktop\programs\c ++\projects\n-body sim\nbody sim v1.1 -- don't touch\source.cpp(347): warning C4244: 'argument' : conversion from 'time_t' to 'unsigned int', possible loss of data
       Link:
         C:\Program Files (x86)\Microsoft Visual Studio 11.0\VC\bin\link.exe /ERRORREPORT:PROMPT /OUT:"C:\Users\Andy\Desktop\Programs\C ++\Projects\N-body Sim\NBody Sim v1.1 -- Don't Touch\Debug\NBodySim V2.exe" /INCREMENTAL /NOLOGO kernel32.lib user32.lib gdi32.lib winspool.lib comdlg32.lib advapi32.lib shell32.lib ole32.lib oleaut32.lib uuid.lib odbc32.lib odbccp32.lib /MANIFEST /MANIFESTUAC:"level='asInvoker' uiAccess='false'" /manifest:embed /DEBUG /PDB:"C:\Users\Andy\Desktop\Programs\C ++\Projects\N-body Sim\NBody Sim v1.1 -- Don't Touch\Debug\NBodySim V2.pdb" /TLBID:1 /DYNAMICBASE /NXCOMPAT /IMPLIB:"C:\Users\Andy\Desktop\Programs\C ++\Projects\N-body Sim\NBody Sim v1.1 -- Don't Touch\Debug\NBodySim V2.lib" /MACHINE:X86 Debug\Source.obj
         NBodySim V2.vcxproj -> C:\Users\Andy\Desktop\Programs\C ++\Projects\N-body Sim\NBody Sim v1.1 -- Don't Touch\Debug\NBodySim V2.exe
     1>Done Building Project "C:\Users\Andy\Desktop\Programs\C ++\Projects\N-body Sim\NBody Sim v1.1 -- Don't Touch\NBodySim V2.vcxproj" (Build target(s)).

Build succeeded.

Time Elapsed 00:00:01.44
